INF 10:25:08 Datos recibidos: 19012015102425;123456;R01_LOGIN;7382 
ERR 10:25:08 Error al enviar datos. No se puede abrir la base de datos "bender" solicitada por el inicio de sesión. Error de inicio de sesión.
Error de inicio de sesión del usuario 'DOMAJUSA\instalador'.
INF 10:28:22 Datos recibidos: 19012015102425;123456;R01_LOGIN;7382 
ERR 10:28:38 Error al enviar datos. Error relacionado con la red o específico de la instancia mientras se establecía una conexión con el servidor SQL Server. No se encontró el servidor o éste no estaba accesible. Compruebe que el nombre de la instancia es correcto y que SQL Server está configurado para admitir conexiones remotas. (provider: Interfaces de red SQL, error: 26 - Error al buscar el servidor o instancia especificado)
INF 10:32:56 Datos recibidos: 19012015102425;123456;R01_LOGIN;7382 
INF 10:35:53 Datos recibidos: 19012015102425;123456;R01_LOGIN;7382 
INF 10:36:21 Datos recibidos: 19012015102425;123456;R01_LOGIN;7382 
INF 10:37:19 Datos recibidos: 19012015102425;123456;R01_LOGIN;7382 
ERR 10:37:35 Error al enviar datos. Error relacionado con la red o específico de la instancia mientras se establecía una conexión con el servidor SQL Server. No se encontró el servidor o éste no estaba accesible. Compruebe que el nombre de la instancia es correcto y que SQL Server está configurado para admitir conexiones remotas. (provider: Interfaces de red SQL, error: 26 - Error al buscar el servidor o instancia especificado)
INF 10:43:51 Datos recibidos: 19012015102425;123456;R01_LOGIN;7382 
ERR 10:44:08 Error al enviar datos. Error relacionado con la red o específico de la instancia mientras se establecía una conexión con el servidor SQL Server. No se encontró el servidor o éste no estaba accesible. Compruebe que el nombre de la instancia es correcto y que SQL Server está configurado para admitir conexiones remotas. (provider: Interfaces de red SQL, error: 26 - Error al buscar el servidor o instancia especificado)
INF 10:51:40 Datos recibidos: 19012015102425;123456;R01_LOGIN;7382 
ERR 10:52:08 Error al enviar datos. Error relacionado con la red o específico de la instancia mientras se establecía una conexión con el servidor SQL Server. No se encontró el servidor o éste no estaba accesible. Compruebe que el nombre de la instancia es correcto y que SQL Server está configurado para admitir conexiones remotas. (provider: Interfaces de red SQL, error: 26 - Error al buscar el servidor o instancia especificado)
INF 11:49:29 Datos recibidos: 19012015102425;123456;R01_LOGIN;7382 
ERR 11:49:34 Error al enviar datos. Línea 1: sintaxis incorrecta cerca de ';'.
INF 11:51:31 Datos recibidos: 19012015102425;123456;R01_LOGIN;7382 
INF 11:52:45 Datos recibidos: 19012015102425;123456;R01_LOGIN;7382 
ERR 11:53:08 Error al enviar datos. Línea 1: sintaxis incorrecta cerca de ';'.
INF 11:54:21 Datos recibidos: 19012015102425;123456;R01_LOGIN;7382 
ERR 11:54:25 Error al enviar datos. Línea 1: sintaxis incorrecta cerca de ';'.
INF 11:55:48 Datos recibidos: 19012015102425;123456;R01_LOGIN;7382 
ERR 11:56:09 Error al enviar datos. El valor no puede ser nulo.
Nombre del parámetro: dataTable
INF 11:57:35 Datos recibidos: 19012015102425;123456;R01_LOGIN;7382 
ERR 11:58:26 Error al enviar datos. El valor no puede ser nulo.
Nombre del parámetro: dataTable
INF 12:08:11 Datos recibidos: 19012015102425;123456;R01_LOGIN;7382 
INF 12:13:47 Datos recibidos: 19012015102425;123456;R01_LOGIN;7382 
INF 12:15:56 Datos recibidos: 19012015102425;123456;R01_LOGIN;7382 
INF 23:51:15 Datos recibidos: 19012015102425;123456;R01_LOGIN;7382 
ERR 23:51:31 Error al enviar datos. Error relacionado con la red o específico de la instancia mientras se establecía una conexión con el servidor SQL Server. No se encontró el servidor o éste no estaba accesible. Compruebe que el nombre de la instancia es correcto y que SQL Server está configurado para admitir conexiones remotas. (provider: Interfaces de red SQL, error: 26 - Error al buscar el servidor o instancia especificado)
INF 23:53:28 Datos recibidos: 19012015102425;123456;R01_LOGIN;7382 
ERR 23:53:44 Error al enviar datos. Error relacionado con la red o específico de la instancia mientras se establecía una conexión con el servidor SQL Server. No se encontró el servidor o éste no estaba accesible. Compruebe que el nombre de la instancia es correcto y que SQL Server está configurado para admitir conexiones remotas. (provider: Proveedor de canalizaciones con nombre, error: 40 - No se pudo abrir una conexión con SQL Server)
INF 23:54:33 Datos recibidos: 19012015102425;123456;R01_LOGIN;7382 
ERR 23:54:33 Error al enviar datos. Error de inicio de sesión del usuario 'sa'.
INF 23:55:24 Datos recibidos: 19012015102425;123456;R01_LOGIN;7382 
ERR 23:55:24 Error al enviar datos. Palabra clave no admitida: '"data source'.
INF 23:56:47 Datos recibidos: 19012015102425;123456;R01_LOGIN;7382 
INF 23:57:31 Datos recibidos: 19012015102425;123456;R01_LOGIN;7382 
ERR 23:57:31 Error al enviar datos. Palabra clave no admitida: '"data source'.
INF 23:57:56 Datos recibidos: 19012015102425;123456;R01_LOGIN;7382 
INF 23:58:22 Datos recibidos: 19012015102425;123456;R01_LOGIN;7382 
ERR 23:58:22 Error al enviar datos. Palabra clave no admitida: '"data source'.
INF 23:59:36 Datos recibidos: 19012015102425;123456;R01_LOGIN;7382 
ERR 23:59:36 Error al enviar datos. Palabra clave no admitida: '"data source'.
