INF 06:42:24 Datos recibidos: 200120151535;NumSerial;R01_LOGIN;123; 
ERR 06:42:24 Error al enviar datos. Error de inserción: el nombre de columna o los valores especificados no corresponden a la definición de la tabla.
INF 06:44:51 Datos recibidos: 200120151535;NumSerial;R01_LOGIN;123; 
ERR 06:49:22 Error al enviar datos. Error de inserción: el nombre de columna o los valores especificados no corresponden a la definición de la tabla.
INF 06:54:18 Datos recibidos: 200120151535;NumSerial;R01_LOGIN;123; 
ERR 06:54:21 Error al enviar datos. Error de inserción: el nombre de columna o los valores especificados no corresponden a la definición de la tabla.
INF 06:56:31 Datos recibidos: 200120151535;NumSerial;R01_LOGIN;123; 
ERR 06:56:33 Error al enviar datos. Error de inserción: el nombre de columna o los valores especificados no corresponden a la definición de la tabla.
INF 07:00:58 Datos recibidos: 200120151535;NumSerial;R01_LOGIN;123; 
INF 07:03:39 Datos recibidos: 200120151535;NumSerial;R01_LOGIN;123; 
INF 07:22:40 Datos recibidos: 200120151535;NumSerial;R01_LOGIN;123; 
ERR 07:28:37 Error al enviar datos. Error de inserción: el nombre de columna o los valores especificados no corresponden a la definición de la tabla.
INF 08:05:37 Datos recibidos: 200120151535;NumSerial;R01_LOGIN;123; 
INF 08:06:45 Datos recibidos: 200120151535;NumSerial;R99_LOGOUT;123; 
INF 08:43:55 Datos recibidos: 200120151535;NumSerial;R01_LOGIN;123; 
ERR 08:44:14 Error al enviar datos. Referencia a objeto no establecida como instancia de un objeto.
INF 08:46:31 Datos recibidos: 200120151535;NumSerial;R01_LOGIN;123; 
ERR 08:46:40 Error al enviar datos. Referencia a objeto no establecida como instancia de un objeto.
INF 08:59:15 Datos recibidos: 200120151535;NumSerial;R01_LOGIN;123; 
ERR 08:59:15 Error al enviar datos. Referencia a objeto no establecida como instancia de un objeto.
INF 08:59:44 Datos recibidos: 200120151535;NumSerial;R01_LOGIN;123; 
ERR 09:00:35 Error al enviar datos. Referencia a objeto no establecida como instancia de un objeto.
INF 09:05:01 Datos recibidos: 200120151535;NumSerial;R01_LOGIN;123; 
ERR 09:05:10 Error al enviar datos. Referencia a objeto no establecida como instancia de un objeto.
INF 09:11:35 Datos recibidos: 200120151535;NumSerial;R01_LOGIN;123; 
ERR 09:12:39 Error al enviar datos. Referencia a objeto no establecida como instancia de un objeto.
INF 09:22:53 Datos recibidos: 200120151535;NumSerial;R99_LOGOUT;123; 
INF 09:25:34 Datos recibidos: 200120151535;NumSerial;R01_LOGIN;123; 
INF 09:28:02 Datos recibidos: 200120151535;NumSerial;R01_LOGOUT;123; 
ERR 09:28:02 Error al enviar datos. No hay ninguna fila en la posición 0.
INF 09:31:46 Datos recibidos: 200120151535;NumSerial;R01_LOGOUT;123; 
ERR 09:31:46 Error al enviar datos. No hay ninguna fila en la posición 0.
INF 09:38:23 Datos recibidos: Fecha;NumSerial;R01_LOGIN;123; 
INF 09:41:11 Datos recibidos: Andres;NumSerial;R01_LOGIN;123; 
INF 09:42:03 Datos recibidos: Andres;NumSerial;R01_LOGOUT;123; 
ERR 09:42:03 Error al enviar datos. No hay ninguna fila en la posición 0.
INF 09:42:14 Datos recibidos: Andres;NumSerial;R01_LOGOUT;123; 
ERR 09:42:14 Error al enviar datos. No hay ninguna fila en la posición 0.
INF 09:42:47 Datos recibidos: Andres;NumSerial;R99_LOGOUT;123; 
ERR 09:43:44 Error al enviar datos. Referencia a objeto no establecida como instancia de un objeto.
INF 09:48:20 Datos recibidos: Andres;NumSerial;R01_LOGIN;123; 
INF 09:50:48 Datos recibidos: Andres;NumSerial;R01_LOGIN;123; 
INF 09:52:02 Datos recibidos: Andres;NumSerial;R01_LOGIN;123; 
INF 10:32:10 Datos recibidos: Andres;NumSerial;R01_LOGIN;123; 
INF 10:32:33 Datos recibidos: Andres;NumSerial;R99_LOGOUT;123; 
INF 10:34:00 Datos recibidos: Andres;NumSerial;R99_LOGOUT;123; 
INF 10:34:42 Datos recibidos: Andres;NumSerial;R01_LOGINT;123; 
ERR 10:34:43 Error al enviar datos. No hay ninguna fila en la posición 0.
INF 10:35:53 Datos recibidos: Andres;NumSerial;R01_LOGIN;123; 
INF 10:36:10 Datos recibidos: Andres;NumSerial;R01_LOGOUT;123; 
ERR 10:36:10 Error al enviar datos. No hay ninguna fila en la posición 0.
INF 10:36:27 Datos recibidos: Andres;NumSerial;R99_LOGOUT;123; 
INF 10:36:57 Datos recibidos: Andres;NumSerial;R01_LOGIN;123; 
INF 10:43:21 Datos recibidos: Andres;NumSerial;R99_LOGOUT;123; 
INF 11:35:45 Datos recibidos: Andres;NumSerial;R01_LOGIN;123; 
INF 11:36:05 Datos recibidos: Andres;NumSerial;R99_LOGOUT;123; 
INF 12:12:39 Datos recibidos: Andres;NumSerial;R01_LOGIN;123; 
INF 12:12:53 Datos recibidos: Andres;NumSerial;R99_LOGOUT;123; 
INF 12:12:57 Datos recibidos: Andres;NumSerial;R99_LOGOUT;123; 
INF 12:13:12 Datos recibidos: Andres;NumSerial;R01_LOGIN;123; 
INF 12:13:15 Datos recibidos: Andres;NumSerial;R01_LOGIN;123; 
INF 12:17:17 Datos recibidos: Andres;NumSerial;R01_LOGIN;123; 
INF 12:17:24 Datos recibidos: Andres;NumSerial;R01_LOGIN;123; 
INF 12:17:41 Datos recibidos: Andres;NumSerial;R99_LOGOUT;123; 
INF 15:07:58 Datos recibidos:  
ERR 15:07:58 Error al enviar datos. Índice fuera de los límites de la matriz.
INF 15:18:55 Datos recibidos: 21012015151800;NumSerie;R01_LOGIN;123; 
INF 15:19:08 Datos recibidos: 21012015151800;NumSerie;R01_LOGIN;999; 
INF 15:29:45 Datos recibidos:  
ERR 15:29:45 Error al enviar datos. Índice fuera de los límites de la matriz.
INF 15:31:51 Datos recibidos: 20150121153150;818200210833488670;R01_LOGIN;null<CR><LF><CR><LF>
 
ERR 15:31:51 Error al enviar datos. Error al convertir el tipo de datos nvarchar a numeric.
INF 15:38:02 Datos recibidos:  
ERR 15:38:02 Error al enviar datos. Índice fuera de los límites de la matriz.
INF 15:38:35 Datos recibidos: 20150121153835;818200210833488670;R01_LOGIN;123<CR><LF><CR><LF>
 
ERR 15:38:35 Error al enviar datos. Error al convertir el tipo de datos nvarchar a numeric.
INF 15:41:12 Datos recibidos:  
ERR 15:41:12 Error al enviar datos. Índice fuera de los límites de la matriz.
INF 15:42:23 Datos recibidos: 20150121154223;818200210833488670;R01_LOGIN;123;<CR><LF><CR><LF>
 
INF 15:43:46 Datos recibidos:  
ERR 15:43:46 Error al enviar datos. Índice fuera de los límites de la matriz.
INF 15:44:18 Datos recibidos: 20150121154418;818200210833488670;R01_LOGIN;123;<CR><LF><CR><LF>
 
INF 15:44:59 Datos recibidos: 20150121154459;818200210833488670;R99_LOGOUT;null;<CR><LF><CR><LF>
 
INF 15:53:11 Datos recibidos:  
ERR 15:53:11 Error al enviar datos. Índice fuera de los límites de la matriz.
INF 15:53:44 Datos recibidos: 20150121155343;818200210833488670;R01_LOGIN;12AA;<CR><LF><CR><LF>
 
INF 15:54:18 Datos recibidos: 20150121155418;818200210833488670;R01_LOGIN;1234;<CR><LF><CR><LF>
 
INF 15:54:41 Datos recibidos: 20150121155441;818200210833488670;R01_LOGIN;102;<CR><LF><CR><LF>
 
INF 15:54:58 Datos recibidos: 20150121155458;818200210833488670;R99_LOGOUT;null;<CR><LF><CR><LF>
 
INF 15:59:50 Datos recibidos:  
ERR 15:59:50 Error al enviar datos. Índice fuera de los límites de la matriz.
INF 16:01:27 Datos recibidos: 20150121160127;818200210833488670;R01_LOGIN;109;<CR><LF><CR><LF>
 
INF 16:03:52 Datos recibidos: 20150121160352;818200210833488670;R01_LOGIN;112;<CR><LF><CR><LF>
 
INF 16:04:23 Datos recibidos: 20150121160423;818200210833488670;R99_LOGOUT;112;<CR><LF><CR><LF>
 
INF 17:50:34 Datos recibidos: 21012015175020;numSerie;R01_LOGIN;123; 
INF 17:50:58 Datos recibidos: 21012015175020;numSerie;R99_LOGOUT;123; 
INF 17:52:59 Datos recibidos: 21012015175020;numSerie;R01_LOGIN;123; 
INF 17:53:25 Datos recibidos: 21012015175020;numSerie;R99_LOGOUT;123; 
INF 17:53:38 Datos recibidos: 21012015175020;numSerie;R01_LOGIN;123; 
INF 17:53:49 Datos recibidos: 21012015175020;numSerie;R99_LOGOUT;123; 
