INF 00:03:27 Datos recibidos: 19012015102425;123456;R01_LOGIN;7382 
INF 00:04:23 Datos recibidos: 19012015102425;123456;R01_LOGIN;7382 
ERR 00:04:23 Error al enviar datos. No se puede abrir la base de datos "bender" solicitada por el inicio de sesión. Error de inicio de sesión.
Error de inicio de sesión del usuario 'Petter_Pan\Petter Pan'.
INF 00:04:50 Datos recibidos: 19012015102425;123456;R01_LOGIN;7382 
INF 00:10:58 Datos recibidos: 19012015102425;123456;R01_LOGIN;7382 
INF 06:07:07 Datos recibidos: 19012015102425;123456;R01_LOGIN;7382 
INF 11:11:05 Datos recibidos: 20012015111010;Numterminal;R01_LOGIN;123; 
INF 11:12:29 Datos recibidos: 20012015111010;Numterminal;R01_LOGIN;123; 
ERR 11:13:12 Error al enviar datos. No se encontró el procedimiento almacenado 'PPV_PA_Login'.
INF 11:15:02 Datos recibidos: 20012015111010;Numterminal;R01_LOGIN;123; 
ERR 11:15:21 Error al enviar datos. La función o el procedimiento PPV_Inicios_Session tiene demasiados argumentos.
INF 15:35:41 Datos recibidos: 200120151535;NumSerial;R01_LOGIN;123; 
ERR 15:36:25 Error al enviar datos. Referencia a objeto no establecida como instancia de un objeto.
INF 15:37:05 Datos recibidos: 200120151535;NumSerial;R01_LOGIN;123; 
INF 15:39:46 Datos recibidos: 200120151535;NumSerial;R01_LOGIN;123; 
INF 15:48:09 Datos recibidos: 200120151535;NumSerial;R01_LOGIN;123; 
INF 15:50:20 Datos recibidos: 200120151535;NumSerial;R01_LOGIN;123; 
INF 15:51:44 Datos recibidos: 200120151535;NumSerial;R01_LOGIN;123; 
INF 16:07:16 Datos recibidos: 200120151535;NumSerial;R01_LOGIN;123; 
INF 16:08:43 Datos recibidos: 200120151535;NumSerial;R01_LOGIN;123; 
ERR 16:10:35 Error al enviar datos. Referencia a objeto no establecida como instancia de un objeto.
INF 16:10:51 Datos recibidos: 200120151535;NumSerial;R01_LOGIN;123; 
INF 16:12:04 Datos recibidos: 200120151535;NumSerial;R01_LOGIN;123; 
ERR 16:12:21 Error al enviar datos. Error al convertir el tipo de datos nvarchar a bigint.
INF 16:28:09 Datos recibidos: 200120151535;NumSerial;R01_LOGIN;123; 
ERR 16:33:24 Error al enviar datos. Error al convertir el tipo de datos nvarchar a bigint.
INF 16:42:50 Datos recibidos: 200120151535;NumSerial;R01_LOGIN;123; 
ERR 16:43:34 Error al enviar datos. Error al convertir el tipo de datos nvarchar a bigint.
INF 16:55:41 Datos recibidos: 200120151535;NumSerial;R01_LOGIN;123; 
ERR 16:55:54 Error al enviar datos. Error al convertir el tipo de datos nvarchar a bigint.
INF 17:11:00 Datos recibidos: 200120151535;NumSerial;R01_LOGIN;123; 
ERR 17:15:50 Error al enviar datos. Error al convertir el tipo de datos nvarchar a bigint.
INF 17:20:49 Datos recibidos: 200120151535;NumSerial;R01_LOGIN;123; 
ERR 17:21:02 Error al enviar datos. Error al convertir el tipo de datos nvarchar a bigint.
INF 17:22:49 Datos recibidos: 200120151535;NumSerial;R01_LOGIN;123; 
INF 17:28:05 Datos recibidos: 200120151535;NumSerial;R01_LOGIN;123; 
INF 17:32:45 Datos recibidos: 200120151535;NumSerial;R01_LOGIN;123; 
INF 17:33:53 Datos recibidos: 200120151535;NumSerial;R01_LOGIN;123; 
INF 17:34:26 Datos recibidos: 200120151535;NumSerial;R01_LOGIN;123; 
INF 17:35:02 Datos recibidos: 200120151535;NumSerial;R01_LOGIN;123; 
INF 17:35:46 Datos recibidos: 200120151535;NumSerial;R01_LOGIN;123; 
INF 17:36:14 Datos recibidos: 200120151535;NumSerial;R01_LOGIN;123; 
INF 17:37:33 Datos recibidos: 200120151535;NumSerial;R01_LOGIN;123; 
ERR 17:38:35 Error al enviar datos. Error al convertir el tipo de datos nvarchar a bigint.
INF 17:41:35 Datos recibidos: 200120151535;NumSerial;R01_LOGIN;123; 
ERR 17:41:46 Error al enviar datos. Error al convertir el tipo de datos nvarchar a bigint.
INF 17:42:42 Datos recibidos: 200120151535;NumSerial;R01_LOGIN;123; 
INF 18:33:37 Datos recibidos: 200120151535;NumSerial;R01_LOGIN;123; 
INF 18:43:01 Datos recibidos: 200120151535;NumSerial;R01_LOGIN;123; 
INF 19:08:55 Datos recibidos: 200120151535;NumSerial;R01_LOGIN;123; 
