INF 07:57:52 Iniciando servicio ...
INF 07:57:53 ========== Servicio iniciado ==========
INF 07:57:53 Servidor socket iniciado en puerto 10000
INF 07:58:16 Nueva conexión
INF 07:58:55 Nueva conexión
INF 08:08:23 Iniciando servicio ...
INF 08:08:23 ========== Servicio iniciado ==========
INF 08:08:23 Servidor socket iniciado en puerto 10000
INF 08:21:31 Iniciando servicio ...
INF 08:21:31 ========== Servicio iniciado ==========
INF 08:21:31 Servidor socket iniciado en puerto 10000
INF 08:22:02 Nueva conexión
INF 08:35:16 Iniciando servicio ...
INF 08:35:16 ========== Servicio iniciado ==========
INF 08:35:16 Servidor socket iniciado en puerto 10000
INF 08:35:37 Nueva conexión
INF 08:36:23 Nueva conexión
INF 08:37:45 Nueva conexión
INF 08:44:30 Iniciando servicio ...
INF 08:44:30 ========== Servicio iniciado ==========
INF 08:44:30 Servidor socket iniciado en puerto 10000
INF 08:44:37 Nueva conexión
INF 08:46:44 Iniciando servicio ...
INF 08:46:44 ========== Servicio iniciado ==========
INF 08:46:44 Servidor socket iniciado en puerto 10000
INF 08:46:50 Nueva conexión
INF 09:31:16 Nueva conexión
ERR 09:31:48 Error al iniciar la nueva conexión socket.No se puede obtener acceso al objeto eliminado.
Nombre del objeto: 'FMain'.
INF 09:31:52 Iniciando servicio ...
INF 09:31:52 ========== Servicio iniciado ==========
INF 09:31:52 Servidor socket iniciado en puerto 10000
INF 09:31:55 Nueva conexión
INF 09:32:42 Iniciando servicio ...
INF 09:32:42 ========== Servicio iniciado ==========
INF 09:32:42 Servidor socket iniciado en puerto 10000
INF 09:32:45 Nueva conexión
INF 09:32:54 Nueva conexión
INF 09:34:01 Iniciando servicio ...
INF 09:34:01 ========== Servicio iniciado ==========
INF 09:34:01 Servidor socket iniciado en puerto 10000
INF 09:34:12 Nueva conexión
INF 09:34:18 Enviado trama de confirmación: 
INF 09:34:29 Nueva conexión
INF 09:34:36 Enviado trama de confirmación: 
INF 09:36:35 Iniciando servicio ...
INF 09:36:35 ========== Servicio iniciado ==========
INF 09:36:35 Servidor socket iniciado en puerto 10000
INF 09:39:16 Iniciando servicio ...
INF 09:39:16 ========== Servicio iniciado ==========
INF 09:39:16 Servidor socket iniciado en puerto 10000
INF 09:46:52 Iniciando servicio ...
INF 09:47:18 ========== Servicio iniciado ==========
INF 09:47:18 Servidor socket iniciado en puerto 10000
INF 09:48:07 Iniciando servicio ...
INF 09:50:14 ========== Servicio iniciado ==========
INF 09:50:33 Servidor socket iniciado en puerto 10000
INF 17:24:07 Iniciando servicio ...
INF 17:24:12 ========== Servicio iniciado ==========
INF 17:24:12 Servidor socket iniciado en puerto 10000
INF 17:24:18 Nueva conexión
INF 17:24:22 Enviado trama de confirmación. 
