INF 10:55:11 Iniciando servicio ...
INF 10:55:11 ========== Servicio iniciado ==========
INF 10:55:11 Servidor socket iniciado en puerto 10000
INF 16:03:14 Iniciando servicio ...
INF 16:03:14 ========== Servicio iniciado ==========
INF 16:03:14 Servidor socket iniciado en puerto 10000
INF 16:12:49 Iniciando servicio ...
INF 16:12:49 ========== Servicio iniciado ==========
INF 16:12:49 Servidor socket iniciado en puerto 10000
INF 16:13:11 Iniciando servicio ...
INF 16:13:11 ========== Servicio iniciado ==========
INF 16:13:11 Servidor socket iniciado en puerto 10000
INF 16:15:00 Iniciando servicio ...
INF 16:15:00 ========== Servicio iniciado ==========
INF 16:15:00 Servidor socket iniciado en puerto 10000
INF 16:16:34 Iniciando servicio ...
INF 16:16:39 ========== Servicio iniciado ==========
INF 16:16:39 Servidor socket iniciado en puerto 10000
INF 16:18:50 Iniciando servicio ...
INF 16:18:50 ========== Servicio iniciado ==========
INF 16:18:50 Servidor socket iniciado en puerto 10000
INF 16:20:30 Iniciando servicio ...
INF 16:20:30 ========== Servicio iniciado ==========
INF 16:20:30 Servidor socket iniciado en puerto 10000
INF 16:20:33 Finalizando el servicio ...
INF 16:20:33 Nueva conexión
ERR 16:20:33 Error al iniciar la nueva conexión socket.No se puede obtener acceso al objeto eliminado.
Nombre del objeto: 'System.Net.Sockets.Socket'.
ERR 16:20:33 Error al reiniciar la nueva conexión socket.No se puede obtener acceso al objeto eliminado.
Nombre del objeto: 'System.Net.Sockets.Socket'.
INF 16:21:30 Iniciando servicio ...
INF 16:21:30 ========== Servicio iniciado ==========
INF 16:21:30 Servidor socket iniciado en puerto 10000
INF 16:21:31 Iniciando servicio ...
INF 16:21:31 Nueva conexión
ERR 16:21:31 Error al iniciar la nueva conexión socket.No se puede obtener acceso al objeto eliminado.
Nombre del objeto: 'System.Net.Sockets.Socket'.
ERR 16:21:31 Error al reiniciar la nueva conexión socket.No se puede obtener acceso al objeto eliminado.
Nombre del objeto: 'System.Net.Sockets.Socket'.
INF 16:26:58 Iniciando servicio ...
INF 16:26:58 ========== Servicio iniciado ==========
INF 16:26:58 Servidor socket iniciado en puerto 10000
INF 16:27:00 Cerrando el servicio ...
INF 16:27:56 Iniciando servicio ...
INF 16:27:56 ========== Servicio iniciado ==========
INF 16:27:56 Servidor socket iniciado en puerto 10000
INF 16:27:58 Nueva conexión
INF 16:28:02 Enviado trama de confirmación. 
INF 16:28:14 Nueva conexión
INF 16:28:15 Enviado trama de confirmación. 
INF 16:28:18 Cerrando el servicio ...
INF 16:28:18 Servicio Cerrado ...
